2024-08-18 08:10:00,879 ERROR scheduler Skipped queueing frappe.social.doctype.energy_point_settings.energy_point_settings.allocate_review_points because it was found in queue for library.localhost
2024-08-18 08:10:00,926 ERROR scheduler Skipped queueing frappe.integrations.doctype.dropbox_settings.dropbox_settings.take_backups_daily because it was found in queue for library.localhost
2024-08-18 08:10:00,938 ERROR scheduler Skipped queueing frappe.deferred_insert.save_to_db because it was found in queue for library.localhost
2024-08-18 08:10:00,959 ERROR scheduler Skipped queueing frappe.utils.global_search.sync_global_search because it was found in queue for library.localhost
2024-08-18 08:10:00,969 ERROR scheduler Skipped queueing frappe.website.doctype.personal_data_deletion_request.personal_data_deletion_request.process_data_deletion_request because it was found in queue for library.localhost
2024-08-18 08:10:00,977 ERROR scheduler Skipped queueing frappe.desk.form.document_follow.send_weekly_updates because it was found in queue for library.localhost
2024-08-18 08:10:00,989 ERROR scheduler Skipped queueing frappe.core.doctype.log_settings.log_settings.run_log_clean_up because it was found in queue for library.localhost
2024-08-18 08:10:00,995 ERROR scheduler Skipped queueing frappe.oauth.delete_oauth2_data because it was found in queue for library.localhost
2024-08-18 08:10:01,006 ERROR scheduler Skipped queueing frappe.email.doctype.email_account.email_account.pull because it was found in queue for library.localhost
2024-08-18 08:10:01,012 ERROR scheduler Skipped queueing frappe.email.queue.flush because it was found in queue for library.localhost
2024-08-18 08:10:01,022 ERROR scheduler Skipped queueing frappe.desk.page.backups.backups.delete_downloadable_backups because it was found in queue for library.localhost
2024-08-18 08:10:01,029 ERROR scheduler Skipped queueing frappe.integrations.doctype.google_contacts.google_contacts.sync because it was found in queue for library.localhost
2024-08-18 08:10:01,035 ERROR scheduler Skipped queueing frappe.website.doctype.personal_data_deletion_request.personal_data_deletion_request.remove_unverified_record because it was found in queue for library.localhost
2024-08-18 08:10:01,048 ERROR scheduler Skipped queueing frappe.website.doctype.web_page.web_page.check_publish_status because it was found in queue for library.localhost
2024-08-18 08:10:01,053 ERROR scheduler Skipped queueing frappe.automation.doctype.auto_repeat.auto_repeat.set_auto_repeat_as_completed because it was found in queue for library.localhost
2024-08-18 08:10:01,059 ERROR scheduler Skipped queueing frappe.integrations.doctype.google_drive.google_drive.weekly_backup because it was found in queue for library.localhost
2024-08-18 08:10:01,064 ERROR scheduler Skipped queueing frappe.automation.doctype.reminder.reminder.send_reminders because it was found in queue for library.localhost
2024-08-18 08:10:01,070 ERROR scheduler Skipped queueing frappe.integrations.doctype.s3_backup_settings.s3_backup_settings.take_backups_weekly because it was found in queue for library.localhost
2024-08-18 08:10:01,074 ERROR scheduler Skipped queueing frappe.desk.doctype.changelog_feed.changelog_feed.fetch_changelog_feed because it was found in queue for library.localhost
2024-08-18 08:10:01,079 ERROR scheduler Skipped queueing frappe.social.doctype.energy_point_log.energy_point_log.send_weekly_summary because it was found in queue for library.localhost
2024-08-18 08:10:01,084 ERROR scheduler Skipped queueing frappe.utils.change_log.check_for_update because it was found in queue for library.localhost
2024-08-18 08:10:01,090 ERROR scheduler Skipped queueing frappe.integrations.doctype.dropbox_settings.dropbox_settings.take_backups_weekly because it was found in queue for library.localhost
2024-08-18 08:10:01,098 ERROR scheduler Skipped queueing frappe.email.doctype.email_account.email_account.notify_unreplied because it was found in queue for library.localhost
2024-08-18 08:10:01,103 ERROR scheduler Skipped queueing frappe.desk.doctype.event.event.send_event_digest because it was found in queue for library.localhost
2024-08-18 08:10:01,115 ERROR scheduler Skipped queueing frappe.integrations.doctype.google_calendar.google_calendar.sync because it was found in queue for library.localhost
2024-08-18 08:10:01,120 ERROR scheduler Skipped queueing frappe.automation.doctype.auto_repeat.auto_repeat.make_auto_repeat_entry because it was found in queue for library.localhost
2024-08-18 08:10:01,125 ERROR scheduler Skipped queueing frappe.monitor.flush because it was found in queue for library.localhost
2024-08-18 08:10:01,130 ERROR scheduler Skipped queueing frappe.twofactor.delete_all_barcodes_for_users because it was found in queue for library.localhost
2024-08-18 08:10:01,135 ERROR scheduler Skipped queueing frappe.desk.form.document_follow.send_hourly_updates because it was found in queue for library.localhost
2024-08-18 08:10:01,143 ERROR scheduler Skipped queueing frappe.desk.notifications.clear_notifications because it was found in queue for library.localhost
2024-08-18 08:10:01,152 ERROR scheduler Skipped queueing frappe.sessions.clear_expired_sessions because it was found in queue for library.localhost
2024-08-18 08:10:01,156 ERROR scheduler Skipped queueing frappe.email.doctype.auto_email_report.auto_email_report.send_daily because it was found in queue for library.localhost
2024-08-18 08:10:01,161 ERROR scheduler Skipped queueing frappe.integrations.doctype.s3_backup_settings.s3_backup_settings.take_backups_daily because it was found in queue for library.localhost
2024-08-18 11:18:01,288 ERROR scheduler Skipped queueing frappe.oauth.delete_oauth2_data because it was found in queue for library.localhost
2024-08-19 10:10:00,789 ERROR scheduler Skipped queueing frappe.integrations.doctype.google_calendar.google_calendar.sync because it was found in queue for library.localhost
2024-08-19 10:10:00,834 ERROR scheduler Skipped queueing frappe.model.utils.link_count.update_link_count because it was found in queue for library.localhost
2024-08-19 10:10:00,877 ERROR scheduler Skipped queueing frappe.email.doctype.newsletter.newsletter.send_scheduled_email because it was found in queue for library.localhost
2024-08-19 10:10:00,882 ERROR scheduler Skipped queueing frappe.oauth.delete_oauth2_data because it was found in queue for library.localhost
2024-08-19 10:10:00,930 ERROR scheduler Skipped queueing frappe.model.utils.user_settings.sync_user_settings because it was found in queue for library.localhost
2024-08-19 10:10:00,947 ERROR scheduler Skipped queueing frappe.desk.form.document_follow.send_hourly_updates because it was found in queue for library.localhost
2024-08-19 10:10:00,974 ERROR scheduler Skipped queueing frappe.email.doctype.email_account.email_account.notify_unreplied because it was found in queue for library.localhost
2024-08-19 10:10:00,991 ERROR scheduler Skipped queueing frappe.monitor.flush because it was found in queue for library.localhost
2024-08-19 10:10:01,027 ERROR scheduler Skipped queueing frappe.core.doctype.prepared_report.prepared_report.expire_stalled_report because it was found in queue for library.localhost
2024-08-19 10:10:01,039 ERROR scheduler Skipped queueing frappe.email.doctype.email_account.email_account.pull because it was found in queue for library.localhost
